{
  "stats": {
    "suites": 4,
    "tests": 6,
    "passes": 6,
    "pending": 0,
    "failures": 0,
    "start": "2019-09-11T19:39:28.480Z",
    "end": "2019-09-11T19:39:40.928Z",
    "duration": 12448,
    "testsRegistered": 6,
    "passPercent": 100,
    "pendingPercent": 0,
    "other": 0,
    "hasOther": false,
    "skipped": 0,
    "hasSkipped": false,
    "passPercentClass": "success",
    "pendingPercentClass": "danger"
  },
  "suites": {
    "uuid": "9b56a731-cbc5-4b71-a70c-35a7223fa2bd",
    "title": "",
    "fullFile": "",
    "file": "",
    "beforeHooks": [],
    "afterHooks": [],
    "tests": [],
    "suites": [
      {
        "uuid": "3827a91f-51a8-44f1-9489-1af1e7600c19",
        "title": "Frontend Tests",
        "fullFile": "C:\\Users\\dvalinotti\\Desktop\\GalaxE_Workspace\\RxWaveTests\\test\\frontend.test.js",
        "file": "\\test\\frontend.test.js",
        "beforeHooks": [
          {
            "title": "\"before all\" hook",
            "fullTitle": "Frontend Tests \"before all\" hook",
            "timedOut": false,
            "duration": 21,
            "pass": false,
            "fail": false,
            "pending": false,
            "code": "dl_dir = __dirname + \"\\\\downloads\";\nlet options = new chrome.Options();\noptions.setUserPreferences({\n    \"plugins.plugins_list\": [{\"enabled\":false,\"name\":\"Chrome PDF Viewer\"}],\n    \"download\": {\n        \"prompt_for_download\": false,\n        \"default_directory\"  : dl_dir\n    }\n});\ndriver = new webdriver.Builder()\n    .forBrowser('chrome')\n    .setChromeOptions(options)\n    .build();",
            "err": {},
            "isRoot": false,
            "uuid": "bf83b741-77a4-4f1e-a028-fdcf9dd20d45",
            "isHook": true,
            "skipped": false
          }
        ],
        "afterHooks": [
          {
            "title": "\"after all\" hook",
            "fullTitle": "Frontend Tests \"after all\" hook",
            "timedOut": false,
            "duration": 0,
            "pass": false,
            "fail": false,
            "pending": false,
            "code": "driver.quit();",
            "err": {},
            "isRoot": false,
            "uuid": "ff9a1dc4-9bf7-402a-a2f0-37bdbc25ed7f",
            "isHook": true,
            "skipped": false
          }
        ],
        "tests": [],
        "suites": [
          {
            "uuid": "da9db770-4d79-4cc2-a57e-362bae40ba63",
            "title": "Login tests",
            "fullFile": "C:\\Users\\dvalinotti\\Desktop\\GalaxE_Workspace\\RxWaveTests\\test\\frontend.test.js",
            "file": "\\test\\frontend.test.js",
            "beforeHooks": [],
            "afterHooks": [],
            "tests": [
              {
                "title": "Test page load",
                "fullTitle": "Frontend Tests Login tests Test page load",
                "timedOut": false,
                "duration": 6338,
                "state": "passed",
                "speed": "slow",
                "pass": true,
                "fail": false,
                "pending": false,
                "code": "await driver.get(globals.SITE);\nlet title = await driver.getTitle();\nchai.assert.equal(title, 'Inside Rx');",
                "err": {},
                "isRoot": false,
                "uuid": "5349c513-ec79-4165-b42e-d4a79bd01b26",
                "isHook": false,
                "skipped": false
              },
              {
                "title": "Test login authentication",
                "fullTitle": "Frontend Tests Login tests Test login authentication",
                "timedOut": false,
                "duration": 1343,
                "state": "passed",
                "speed": "slow",
                "pass": true,
                "fail": false,
                "pending": false,
                "code": "let fields = await driver.findElements(By.css('.MuiInputBase-input.MuiOutlinedInput-input'));\nawait fields[0].sendKeys(globals.SITE_USERNAME);\nawait fields[1].sendKeys(globals.SITE_PASSWORD);\nlet buttons = await driver.findElements(By.css('.MuiButtonBase-root.MuiButton-root.MuiButton-contained'));\nawait buttons[0].click();\nawait driver.wait(async function() {\n    return await driver.getCurrentUrl() === globals.SITE + \"/#/search\";\n});\nlet url = await driver.getCurrentUrl();\n    \nchai.assert.equal(url, globals.SITE + '/#/search');",
                "err": {},
                "isRoot": false,
                "uuid": "5cd339a4-c23b-45d3-b222-998f29470d11",
                "isHook": false,
                "skipped": false
              }
            ],
            "suites": [],
            "passes": [
              "5349c513-ec79-4165-b42e-d4a79bd01b26",
              "5cd339a4-c23b-45d3-b222-998f29470d11"
            ],
            "failures": [],
            "pending": [],
            "skipped": [],
            "duration": 7681,
            "root": false,
            "rootEmpty": false,
            "_timeout": 15000
          },
          {
            "uuid": "3f2b878a-5730-4920-b95a-5e88d1eabfee",
            "title": "Dashboard Page Tests",
            "fullFile": "C:\\Users\\dvalinotti\\Desktop\\GalaxE_Workspace\\RxWaveTests\\test\\frontend.test.js",
            "file": "\\test\\frontend.test.js",
            "beforeHooks": [],
            "afterHooks": [],
            "tests": [
              {
                "title": "Test if Dashboard page loads",
                "fullTitle": "Frontend Tests Dashboard Page Tests Test if Dashboard page loads",
                "timedOut": false,
                "duration": 833,
                "state": "passed",
                "speed": "slow",
                "pass": true,
                "fail": false,
                "pending": false,
                "code": "let tabs = await driver.findElements(By.css('button[role=\"tab\"]'));\nawait tabs[1].click();\n\nawait driver.wait(async function() {\n    try {\n        await driver.findElement(By.css('span.programPrice>div>span')).isDisplayed();\n        return true;\n    } catch (e) {\n        return false;\n    }\n});\nlet currentUrl = await driver.getCurrentUrl();\nchai.assert.isTrue(currentUrl === globals.SITE + \"/#/viewDashboard\");",
                "err": {},
                "isRoot": false,
                "uuid": "66d10e40-683c-4872-ba36-0cac7cf2afcb",
                "isHook": false,
                "skipped": false
              },
              {
                "title": "Test if prices display",
                "fullTitle": "Frontend Tests Dashboard Page Tests Test if prices display",
                "timedOut": false,
                "duration": 15,
                "state": "passed",
                "speed": "fast",
                "pass": true,
                "fail": false,
                "pending": false,
                "code": "let dashPrices = await driver.findElements(By.css('span.programPrice>div>span'));\nlet pass = true;\nfor (const p of dashPrices) {\n    let t = p.getText();\n    if (t === \"$0.00\") {\n        pass = false;\n    }\n}\nchai.assert.isTrue(pass);",
                "err": {},
                "isRoot": false,
                "uuid": "81025057-50da-411c-9aff-c6f00aeb2d32",
                "isHook": false,
                "skipped": false
              }
            ],
            "suites": [],
            "passes": [
              "66d10e40-683c-4872-ba36-0cac7cf2afcb",
              "81025057-50da-411c-9aff-c6f00aeb2d32"
            ],
            "failures": [],
            "pending": [],
            "skipped": [],
            "duration": 848,
            "root": false,
            "rootEmpty": false,
            "_timeout": 15000
          },
          {
            "uuid": "5c7b3fc5-0b5b-4ebb-a6ab-bfa25112bc88",
            "title": "Reports Page Tests",
            "fullFile": "C:\\Users\\dvalinotti\\Desktop\\GalaxE_Workspace\\RxWaveTests\\test\\frontend.test.js",
            "file": "\\test\\frontend.test.js",
            "beforeHooks": [],
            "afterHooks": [],
            "tests": [
              {
                "title": "Test if Reports page loads",
                "fullTitle": "Frontend Tests Reports Page Tests Test if Reports page loads",
                "timedOut": false,
                "duration": 809,
                "state": "passed",
                "speed": "slow",
                "pass": true,
                "fail": false,
                "pending": false,
                "code": "let tabs = await driver.findElements(By.css('button[role=\"tab\"]'));\nawait tabs[2].click();\n\nawait driver.wait(async function() {\n    try {\n        await driver.findElement(By.css('svg.pointer')).isDisplayed();\n        return true;\n    } catch (e) {\n        return false;\n    }\n});\nlet currentUrl = await driver.getCurrentUrl();\nchai.assert.isTrue(currentUrl === globals.SITE + \"/#/reports\");",
                "err": {},
                "isRoot": false,
                "uuid": "be9333e0-063b-4ec7-84e7-142d60c0d0e3",
                "isHook": false,
                "skipped": false
              },
              {
                "title": "Test if latest report successfully downloads",
                "fullTitle": "Frontend Tests Reports Page Tests Test if latest report successfully downloads",
                "timedOut": false,
                "duration": 3061,
                "state": "passed",
                "speed": "slow",
                "pass": true,
                "fail": false,
                "pending": false,
                "code": "await driver.findElement(By.css('svg.pointer')).click();\n// Wait for file to download\nawait sleep(3000);\n// Finds downloaded file - if found, deletes\nlet found = false;\ntry {\n    await fs.promises.access(dl_dir + \"\\\\poi-generated-file.xlsx\");\n    found = true;\n    await fs.promises.unlink(dl_dir + \"\\\\poi-generated-file.xlsx\")\n} catch (error) {\n    console.log(\"Downloaded report not found: \", error);\n}\nchai.assert.isTrue(found);",
                "err": {},
                "isRoot": false,
                "uuid": "852d0963-7b06-4d10-88e7-2c89aea2f11f",
                "isHook": false,
                "skipped": false
              }
            ],
            "suites": [],
            "passes": [
              "be9333e0-063b-4ec7-84e7-142d60c0d0e3",
              "852d0963-7b06-4d10-88e7-2c89aea2f11f"
            ],
            "failures": [],
            "pending": [],
            "skipped": [],
            "duration": 3870,
            "root": false,
            "rootEmpty": false,
            "_timeout": 15000
          }
        ],
        "passes": [],
        "failures": [],
        "pending": [],
        "skipped": [],
        "duration": 0,
        "root": false,
        "rootEmpty": false,
        "_timeout": 15000
      }
    ],
    "passes": [],
    "failures": [],
    "pending": [],
    "skipped": [],
    "duration": 0,
    "root": true,
    "rootEmpty": true,
    "_timeout": 2000
  },
  "copyrightYear": 2019
}