{
  "stats": {
    "suites": 35,
    "tests": 96,
    "passes": 50,
    "pending": 0,
    "failures": 46,
    "start": "2019-09-11T17:19:25.682Z",
    "end": "2019-09-11T17:21:35.969Z",
    "duration": 130287,
    "testsRegistered": 96,
    "passPercent": 52.1,
    "pendingPercent": 0,
    "other": 0,
    "hasOther": false,
    "skipped": 0,
    "hasSkipped": false,
    "passPercentClass": "warning",
    "pendingPercentClass": "danger"
  },
  "suites": {
    "uuid": "67ae132e-4149-473c-b877-e9f114db5a71",
    "title": "",
    "fullFile": "",
    "file": "",
    "beforeHooks": [],
    "afterHooks": [],
    "tests": [],
    "suites": [
      {
        "uuid": "a0d27956-f13b-4495-9e20-33bede34185c",
        "title": "Frontend Tests",
        "fullFile": "C:\\Users\\dvalinotti\\Desktop\\GalaxE_Workspace\\RxWaveTests\\test\\frontend.test.js",
        "file": "\\test\\frontend.test.js",
        "beforeHooks": [
          {
            "title": "\"before all\" hook",
            "fullTitle": "Frontend Tests \"before all\" hook",
            "timedOut": false,
            "duration": 17,
            "pass": false,
            "fail": false,
            "pending": false,
            "code": "dl_dir = \"C:\\\\Users\\\\dvalinotti\\\\Desktop\\\\GalaxE_Workspace\\\\RxWaveTests\\\\downloads\";\nlet options = new chrome.Options();\noptions.setUserPreferences({\n    \"plugins.plugins_list\": [{\"enabled\":false,\"name\":\"Chrome PDF Viewer\"}],\n    \"download\": {\n        \"prompt_for_download\": false,\n        \"default_directory\"  : dl_dir\n    }\n});\ndriver = new webdriver.Builder()\n    .forBrowser('chrome')\n    .setChromeOptions(options)\n    .build();",
            "err": {},
            "isRoot": false,
            "uuid": "74722dab-d25a-44d2-992e-b3fcea041489",
            "isHook": true,
            "skipped": false
          }
        ],
        "afterHooks": [
          {
            "title": "\"after all\" hook",
            "fullTitle": "Frontend Tests \"after all\" hook",
            "timedOut": false,
            "duration": 0,
            "pass": false,
            "fail": false,
            "pending": false,
            "code": "driver.quit();",
            "err": {},
            "isRoot": false,
            "uuid": "496ccf8b-376c-4a61-bbf3-dface46009a9",
            "isHook": true,
            "skipped": false
          }
        ],
        "tests": [],
        "suites": [
          {
            "uuid": "1119f3e2-ccfe-466e-9b7d-2a3fae6e2ac7",
            "title": "Login tests",
            "fullFile": "C:\\Users\\dvalinotti\\Desktop\\GalaxE_Workspace\\RxWaveTests\\test\\frontend.test.js",
            "file": "\\test\\frontend.test.js",
            "beforeHooks": [],
            "afterHooks": [],
            "tests": [
              {
                "title": "Test page load",
                "fullTitle": "Frontend Tests Login tests Test page load",
                "timedOut": false,
                "duration": 5594,
                "state": "passed",
                "speed": "slow",
                "pass": true,
                "fail": false,
                "pending": false,
                "code": "await driver.get(globals.SITE);\nlet title = await driver.getTitle();\nchai.assert.equal(title, 'Inside Rx');",
                "err": {},
                "isRoot": false,
                "uuid": "d9f9a827-b436-4312-92c8-924795be619a",
                "isHook": false,
                "skipped": false
              },
              {
                "title": "Test login authentication",
                "fullTitle": "Frontend Tests Login tests Test login authentication",
                "timedOut": false,
                "duration": 1496,
                "state": "passed",
                "speed": "slow",
                "pass": true,
                "fail": false,
                "pending": false,
                "code": "let fields = await driver.findElements(By.css('.MuiInputBase-input.MuiOutlinedInput-input'));\nawait fields[0].sendKeys(globals.SITE_USERNAME);\nawait fields[1].sendKeys(globals.SITE_PASSWORD);\nlet buttons = await driver.findElements(By.css('.MuiButtonBase-root.MuiButton-root.MuiButton-contained'));\nawait buttons[0].click();\nawait driver.wait(async function() {\n    return await driver.getCurrentUrl() === globals.SITE + \"/#/search\";\n});\nlet url = await driver.getCurrentUrl();\n    \nchai.assert.equal(url, globals.SITE + '/#/search');",
                "err": {},
                "isRoot": false,
                "uuid": "37645b19-60c6-4a42-a24a-160ed5b7d195",
                "isHook": false,
                "skipped": false
              }
            ],
            "suites": [],
            "passes": [
              "d9f9a827-b436-4312-92c8-924795be619a",
              "37645b19-60c6-4a42-a24a-160ed5b7d195"
            ],
            "failures": [],
            "pending": [],
            "skipped": [],
            "duration": 7090,
            "root": false,
            "rootEmpty": false,
            "_timeout": 15000
          },
          {
            "uuid": "79f96b94-f7de-4cdb-a312-c10976dee576",
            "title": "Dashboard Page Tests",
            "fullFile": "C:\\Users\\dvalinotti\\Desktop\\GalaxE_Workspace\\RxWaveTests\\test\\frontend.test.js",
            "file": "\\test\\frontend.test.js",
            "beforeHooks": [],
            "afterHooks": [],
            "tests": [
              {
                "title": "Test if Dashboard page loads",
                "fullTitle": "Frontend Tests Dashboard Page Tests Test if Dashboard page loads",
                "timedOut": false,
                "duration": 665,
                "state": "passed",
                "speed": "slow",
                "pass": true,
                "fail": false,
                "pending": false,
                "code": "let tabs = await driver.findElements(By.css('button[role=\"tab\"]'));\nawait tabs[1].click();\n\nawait driver.wait(async function() {\n    try {\n        await driver.findElement(By.css('span.programPrice>div>span')).isDisplayed();\n        return true;\n    } catch (e) {\n        return false;\n    }\n});\nlet currentUrl = await driver.getCurrentUrl();\nchai.assert.isTrue(currentUrl === globals.SITE + \"/#/viewDashboard\");",
                "err": {},
                "isRoot": false,
                "uuid": "ad75bed8-651f-4886-9c7a-7969d71a561e",
                "isHook": false,
                "skipped": false
              },
              {
                "title": "Test if prices display",
                "fullTitle": "Frontend Tests Dashboard Page Tests Test if prices display",
                "timedOut": false,
                "duration": 14,
                "state": "passed",
                "speed": "fast",
                "pass": true,
                "fail": false,
                "pending": false,
                "code": "let dashPrices = await driver.findElements(By.css('span.programPrice>div>span'));\nlet pass = true;\nfor (const p of dashPrices) {\n    let t = p.getText();\n    if (t === \"$0.00\") {\n        pass = false;\n    }\n}\nchai.assert.isTrue(pass);",
                "err": {},
                "isRoot": false,
                "uuid": "9e672e54-15d4-489d-a44f-e9093199f284",
                "isHook": false,
                "skipped": false
              }
            ],
            "suites": [],
            "passes": [
              "ad75bed8-651f-4886-9c7a-7969d71a561e",
              "9e672e54-15d4-489d-a44f-e9093199f284"
            ],
            "failures": [],
            "pending": [],
            "skipped": [],
            "duration": 679,
            "root": false,
            "rootEmpty": false,
            "_timeout": 15000
          },
          {
            "uuid": "af69344c-9c42-4bff-bef4-97a5fa712c4d",
            "title": "Reports Page Tests",
            "fullFile": "C:\\Users\\dvalinotti\\Desktop\\GalaxE_Workspace\\RxWaveTests\\test\\frontend.test.js",
            "file": "\\test\\frontend.test.js",
            "beforeHooks": [],
            "afterHooks": [],
            "tests": [
              {
                "title": "Test if Reports page loads",
                "fullTitle": "Frontend Tests Reports Page Tests Test if Reports page loads",
                "timedOut": false,
                "duration": 879,
                "state": "passed",
                "speed": "slow",
                "pass": true,
                "fail": false,
                "pending": false,
                "code": "let tabs = await driver.findElements(By.css('button[role=\"tab\"]'));\nawait tabs[2].click();\n\nawait driver.wait(async function() {\n    try {\n        await driver.findElement(By.css('svg.pointer')).isDisplayed();\n        return true;\n    } catch (e) {\n        return false;\n    }\n});\nlet currentUrl = await driver.getCurrentUrl();\nchai.assert.isTrue(currentUrl === globals.SITE + \"/#/reports\");",
                "err": {},
                "isRoot": false,
                "uuid": "c389c7f7-3058-4345-8396-f2dc5375b2bb",
                "isHook": false,
                "skipped": false
              },
              {
                "title": "Test if latest report successfully downloads",
                "fullTitle": "Frontend Tests Reports Page Tests Test if latest report successfully downloads",
                "timedOut": false,
                "duration": 3062,
                "state": "passed",
                "speed": "slow",
                "pass": true,
                "fail": false,
                "pending": false,
                "code": "await driver.findElement(By.css('svg.pointer')).click();\n// Wait for file to download\nawait sleep(3000);\n// Finds downloaded file - if found, deletes\nlet found = false;\ntry {\n    await fs.promises.access(dl_dir + \"\\\\poi-generated-file.xlsx\");\n    found = true;\n    await fs.promises.unlink(dl_dir + \"\\\\poi-generated-file.xlsx\")\n} catch (error) {\n    console.log(\"Downloaded report not found: \", error);\n}\nchai.assert.isTrue(found);",
                "err": {},
                "isRoot": false,
                "uuid": "97297266-5b1b-4b08-a5c7-6342d8e9d72a",
                "isHook": false,
                "skipped": false
              }
            ],
            "suites": [],
            "passes": [
              "c389c7f7-3058-4345-8396-f2dc5375b2bb",
              "97297266-5b1b-4b08-a5c7-6342d8e9d72a"
            ],
            "failures": [],
            "pending": [],
            "skipped": [],
            "duration": 3941,
            "root": false,
            "rootEmpty": false,
            "_timeout": 15000
          },
          {
            "uuid": "08c0d591-fc99-4d03-96ca-9e1240625b75",
            "title": "Drug Search Tests",
            "fullFile": "C:\\Users\\dvalinotti\\Desktop\\GalaxE_Workspace\\RxWaveTests\\test\\frontend.test.js",
            "file": "\\test\\frontend.test.js",
            "beforeHooks": [],
            "afterHooks": [],
            "tests": [],
            "suites": [
              {
                "uuid": "4596e998-4d77-46fe-9b43-446854337f87",
                "title": "Test search for drug Acyclovir ",
                "fullFile": "C:\\Users\\dvalinotti\\Desktop\\GalaxE_Workspace\\RxWaveTests\\test\\frontend.test.js",
                "file": "\\test\\frontend.test.js",
                "beforeHooks": [
                  {
                    "title": "\"before all\" hook",
                    "fullTitle": "Frontend Tests Drug Search Tests Test search for drug Acyclovir  \"before all\" hook",
                    "timedOut": false,
                    "duration": 0,
                    "pass": false,
                    "fail": false,
                    "pending": false,
                    "code": "prices = [];",
                    "err": {},
                    "isRoot": false,
                    "uuid": "1329bb0b-936e-466c-9dcd-74e680937153",
                    "isHook": true,
                    "skipped": false
                  }
                ],
                "afterHooks": [],
                "tests": [
                  {
                    "title": "Test if search is successful ",
                    "fullTitle": "Frontend Tests Drug Search Tests Test search for drug Acyclovir  Test if search is successful ",
                    "timedOut": false,
                    "duration": 3433,
                    "state": "passed",
                    "speed": "slow",
                    "pass": true,
                    "fail": false,
                    "pending": false,
                    "code": "let averagePrice = undefined;\nlet currentPrice = undefined;\nlet lmPrice = undefined;\ntry {\n    let tabs = await driver.findElements(By.css('button[role=\"tab\"]'));\n    await tabs[0].click();\n    await driver.findElement(By.id('downshift-simple-input')).sendKeys(drug.Name);\n    await sleep(1250);    // Wait for search suggestions to populate\n    await driver.findElement(By.id('downshift-simple-item-0')).click();\n    await driver.findElement(By.id('myZipCode')).sendKeys(drug.ZipCode);\n     // Finds correct dosage and selects\n    await driver.findElement(By.css('.form-control[name=\"drugStrength\"]')).click();                \n    let dosages = await driver.findElements(By.css('.form-control[name=\"drugStrength\"]>option'));\n    for (const dosage of dosages) {                            \n        let text = await dosage.getText();\n        if (text.includes(drug.Dosage)) {\n            await dosage.click();\n            // console.log(\"clicked d\");\n        }\n    }\n    // Finds correct quantity and selects\n    await driver.findElement(By.css('select[name=\"drugQuantity\"]')).click();\n    let quantities = await driver.findElements(By.css('select[name=\"drugQuantity\"]>option'));\n    for (const quantity of quantities) {                        \n        let text = await quantity.getText();\n        if (text.includes(drug.Quantity)) {\n            await quantity.click();\n            // console.log(\"clicked q\");\n        }\n    }\n    \n    // Wait for search to finish before continuing\n    await driver.findElement(By.css('.form-control.pointer')).click();\n    await driver.wait(async function() {                       \n        try {\n            await driver.findElement(By.className('MuiDialog-root')).isDisplayed();\n            return false;\n        } catch (e) {\n            return true;\n        }\n    });\n    \n    try {\n        // Retrieves all header prices\n        let overallPrices = await driver.findElements(By.css('div.overallPrice>div.headerhelp'));\n        averagePrice = await overallPrices[0].getText();\n        currentPrice = await overallPrices[1].getText();\n        lmPrice = await overallPrices[2].getText();\n        // Save each program's price in prices array\n        let priceElements = await driver.findElements(By.className('compPrice'));\n        for (let i = 0; i < priceElements.length; i++) {            \n            let text = await priceElements[i].getText();\n            prices.push(text);\n        }\n        await driver.findElement(By.css('.MuiButtonBase-root.MuiTab-root.MuiTab-textColorInherit.Mui-selected')).click();\n        // Clear text fields in the case of a failed search\n        await driver.findElement(By.id('downshift-simple-input')).clear();\n        await driver.findElement(By.id('myZipCode')).clear();\n    } catch (e) {\n        // Refresh if error occurs\n        await driver.navigate().refresh();\n    }\n} catch (e) {\n    console.log(e);\n} finally {\n    // Asserts that all header prices exist\n    chai.assert.isTrue(\n        averagePrice !== \"N/A\" &&\n        currentPrice !== \"N/A\" &&\n        lmPrice !== \"N/A\"\n    );\n}",
                    "err": {},
                    "isRoot": false,
                    "uuid": "27d74834-6590-4c6b-bdee-b45123c6fc03",
                    "isHook": false,
                    "skipped": false
                  },
                  {
                    "title": "Check if price exists for Blink Health",
                    "fullTitle": "Frontend Tests Drug Search Tests Test search for drug Acyclovir  Check if price exists for Blink Health",
                    "timedOut": false,
                    "duration": 0,
                    "state": "passed",
                    "speed": "fast",
                    "pass": true,
                    "fail": false,
                    "pending": false,
                    "code": "chai.assert.isTrue(prices[4] !== \"N/A\");",
                    "err": {},
                    "isRoot": false,
                    "uuid": "db8da071-c779-4cbe-b3d4-6dbc4dbba6e7",
                    "isHook": false,
                    "skipped": false
                  },
                  {
                    "title": "Check if price exists for GoodRx",
                    "fullTitle": "Frontend Tests Drug Search Tests Test search for drug Acyclovir  Check if price exists for GoodRx",
                    "timedOut": false,
                    "duration": 1,
                    "state": "failed",
                    "pass": false,
                    "fail": true,
                    "pending": false,
                    "code": "chai.assert.isTrue(prices[5] !== \"N/A\");",
                    "err": {
                      "message": "AssertionError: expected false to be true",
                      "estack": "AssertionError: expected false to be true\n    at Context.<anonymous> (test\\frontend.test.js:244:41)",
                      "diff": "- false\n+ true\n"
                    },
                    "isRoot": false,
                    "uuid": "da4be97c-9806-437a-be10-8773f6886f56",
                    "isHook": false,
                    "skipped": false
                  }
                ],
                "suites": [],
                "passes": [
                  "27d74834-6590-4c6b-bdee-b45123c6fc03",
                  "db8da071-c779-4cbe-b3d4-6dbc4dbba6e7"
                ],
                "failures": [
                  "da4be97c-9806-437a-be10-8773f6886f56"
                ],
                "pending": [],
                "skipped": [],
                "duration": 3434,
                "root": false,
                "rootEmpty": false,
                "_timeout": 15000
              },
              {
                "uuid": "3ae1ba70-4e35-4296-9b5d-e1ec4d3cb69b",
                "title": "Test search for drug Amlodipine Besylate ",
                "fullFile": "C:\\Users\\dvalinotti\\Desktop\\GalaxE_Workspace\\RxWaveTests\\test\\frontend.test.js",
                "file": "\\test\\frontend.test.js",
                "beforeHooks": [
                  {
                    "title": "\"before all\" hook",
                    "fullTitle": "Frontend Tests Drug Search Tests Test search for drug Amlodipine Besylate  \"before all\" hook",
                    "timedOut": false,
                    "duration": 0,
                    "pass": false,
                    "fail": false,
                    "pending": false,
                    "code": "prices = [];",
                    "err": {},
                    "isRoot": false,
                    "uuid": "4191fe21-a136-49a6-ade6-24f1e9ab6e92",
                    "isHook": true,
                    "skipped": false
                  }
                ],
                "afterHooks": [],
                "tests": [
                  {
                    "title": "Test if search is successful ",
                    "fullTitle": "Frontend Tests Drug Search Tests Test search for drug Amlodipine Besylate  Test if search is successful ",
                    "timedOut": false,
                    "duration": 3848,
                    "state": "passed",
                    "speed": "slow",
                    "pass": true,
                    "fail": false,
                    "pending": false,
                    "code": "let averagePrice = undefined;\nlet currentPrice = undefined;\nlet lmPrice = undefined;\ntry {\n    let tabs = await driver.findElements(By.css('button[role=\"tab\"]'));\n    await tabs[0].click();\n    await driver.findElement(By.id('downshift-simple-input')).sendKeys(drug.Name);\n    await sleep(1250);    // Wait for search suggestions to populate\n    await driver.findElement(By.id('downshift-simple-item-0')).click();\n    await driver.findElement(By.id('myZipCode')).sendKeys(drug.ZipCode);\n     // Finds correct dosage and selects\n    await driver.findElement(By.css('.form-control[name=\"drugStrength\"]')).click();                \n    let dosages = await driver.findElements(By.css('.form-control[name=\"drugStrength\"]>option'));\n    for (const dosage of dosages) {                            \n        let text = await dosage.getText();\n        if (text.includes(drug.Dosage)) {\n            await dosage.click();\n            // console.log(\"clicked d\");\n        }\n    }\n    // Finds correct quantity and selects\n    await driver.findElement(By.css('select[name=\"drugQuantity\"]')).click();\n    let quantities = await driver.findElements(By.css('select[name=\"drugQuantity\"]>option'));\n    for (const quantity of quantities) {                        \n        let text = await quantity.getText();\n        if (text.includes(drug.Quantity)) {\n            await quantity.click();\n            // console.log(\"clicked q\");\n        }\n    }\n    \n    // Wait for search to finish before continuing\n    await driver.findElement(By.css('.form-control.pointer')).click();\n    await driver.wait(async function() {                       \n        try {\n            await driver.findElement(By.className('MuiDialog-root')).isDisplayed();\n            return false;\n        } catch (e) {\n            return true;\n        }\n    });\n    \n    try {\n        // Retrieves all header prices\n        let overallPrices = await driver.findElements(By.css('div.overallPrice>div.headerhelp'));\n        averagePrice = await overallPrices[0].getText();\n        currentPrice = await overallPrices[1].getText();\n        lmPrice = await overallPrices[2].getText();\n        // Save each program's price in prices array\n        let priceElements = await driver.findElements(By.className('compPrice'));\n        for (let i = 0; i < priceElements.length; i++) {            \n            let text = await priceElements[i].getText();\n            prices.push(text);\n        }\n        await driver.findElement(By.css('.MuiButtonBase-root.MuiTab-root.MuiTab-textColorInherit.Mui-selected')).click();\n        // Clear text fields in the case of a failed search\n        await driver.findElement(By.id('downshift-simple-input')).clear();\n        await driver.findElement(By.id('myZipCode')).clear();\n    } catch (e) {\n        // Refresh if error occurs\n        await driver.navigate().refresh();\n    }\n} catch (e) {\n    console.log(e);\n} finally {\n    // Asserts that all header prices exist\n    chai.assert.isTrue(\n        averagePrice !== \"N/A\" &&\n        currentPrice !== \"N/A\" &&\n        lmPrice !== \"N/A\"\n    );\n}",
                    "err": {},
                    "isRoot": false,
                    "uuid": "0a1c14d5-37d1-4ba8-bf9e-2058b08c3dff",
                    "isHook": false,
                    "skipped": false
                  },
                  {
                    "title": "Check if price exists for Blink Health",
                    "fullTitle": "Frontend Tests Drug Search Tests Test search for drug Amlodipine Besylate  Check if price exists for Blink Health",
                    "timedOut": false,
                    "duration": 0,
                    "state": "passed",
                    "speed": "fast",
                    "pass": true,
                    "fail": false,
                    "pending": false,
                    "code": "chai.assert.isTrue(prices[4] !== \"N/A\");",
                    "err": {},
                    "isRoot": false,
                    "uuid": "31318afc-19f0-49ba-b26d-04160435fbb3",
                    "isHook": false,
                    "skipped": false
                  },
                  {
                    "title": "Check if price exists for GoodRx",
                    "fullTitle": "Frontend Tests Drug Search Tests Test search for drug Amlodipine Besylate  Check if price exists for GoodRx",
                    "timedOut": false,
                    "duration": 0,
                    "state": "passed",
                    "speed": "fast",
                    "pass": true,
                    "fail": false,
                    "pending": false,
                    "code": "chai.assert.isTrue(prices[5] !== \"N/A\");",
                    "err": {},
                    "isRoot": false,
                    "uuid": "d4afd725-804a-4260-898f-e40123cf8d47",
                    "isHook": false,
                    "skipped": false
                  }
                ],
                "suites": [],
                "passes": [
                  "0a1c14d5-37d1-4ba8-bf9e-2058b08c3dff",
                  "31318afc-19f0-49ba-b26d-04160435fbb3",
                  "d4afd725-804a-4260-898f-e40123cf8d47"
                ],
                "failures": [],
                "pending": [],
                "skipped": [],
                "duration": 3848,
                "root": false,
                "rootEmpty": false,
                "_timeout": 15000
              },
              {
                "uuid": "84876437-65f1-4068-a4a0-e48f63d6a294",
                "title": "Test search for drug Atorvastatin Calcium ",
                "fullFile": "C:\\Users\\dvalinotti\\Desktop\\GalaxE_Workspace\\RxWaveTests\\test\\frontend.test.js",
                "file": "\\test\\frontend.test.js",
                "beforeHooks": [
                  {
                    "title": "\"before all\" hook",
                    "fullTitle": "Frontend Tests Drug Search Tests Test search for drug Atorvastatin Calcium  \"before all\" hook",
                    "timedOut": false,
                    "duration": 0,
                    "pass": false,
                    "fail": false,
                    "pending": false,
                    "code": "prices = [];",
                    "err": {},
                    "isRoot": false,
                    "uuid": "998ae23d-ae2e-4aac-adfe-3440ca97deba",
                    "isHook": true,
                    "skipped": false
                  }
                ],
                "afterHooks": [],
                "tests": [
                  {
                    "title": "Test if search is successful ",
                    "fullTitle": "Frontend Tests Drug Search Tests Test search for drug Atorvastatin Calcium  Test if search is successful ",
                    "timedOut": false,
                    "duration": 3731,
                    "state": "passed",
                    "speed": "slow",
                    "pass": true,
                    "fail": false,
                    "pending": false,
                    "code": "let averagePrice = undefined;\nlet currentPrice = undefined;\nlet lmPrice = undefined;\ntry {\n    let tabs = await driver.findElements(By.css('button[role=\"tab\"]'));\n    await tabs[0].click();\n    await driver.findElement(By.id('downshift-simple-input')).sendKeys(drug.Name);\n    await sleep(1250);    // Wait for search suggestions to populate\n    await driver.findElement(By.id('downshift-simple-item-0')).click();\n    await driver.findElement(By.id('myZipCode')).sendKeys(drug.ZipCode);\n     // Finds correct dosage and selects\n    await driver.findElement(By.css('.form-control[name=\"drugStrength\"]')).click();                \n    let dosages = await driver.findElements(By.css('.form-control[name=\"drugStrength\"]>option'));\n    for (const dosage of dosages) {                            \n        let text = await dosage.getText();\n        if (text.includes(drug.Dosage)) {\n            await dosage.click();\n            // console.log(\"clicked d\");\n        }\n    }\n    // Finds correct quantity and selects\n    await driver.findElement(By.css('select[name=\"drugQuantity\"]')).click();\n    let quantities = await driver.findElements(By.css('select[name=\"drugQuantity\"]>option'));\n    for (const quantity of quantities) {                        \n        let text = await quantity.getText();\n        if (text.includes(drug.Quantity)) {\n            await quantity.click();\n            // console.log(\"clicked q\");\n        }\n    }\n    \n    // Wait for search to finish before continuing\n    await driver.findElement(By.css('.form-control.pointer')).click();\n    await driver.wait(async function() {                       \n        try {\n            await driver.findElement(By.className('MuiDialog-root')).isDisplayed();\n            return false;\n        } catch (e) {\n            return true;\n        }\n    });\n    \n    try {\n        // Retrieves all header prices\n        let overallPrices = await driver.findElements(By.css('div.overallPrice>div.headerhelp'));\n        averagePrice = await overallPrices[0].getText();\n        currentPrice = await overallPrices[1].getText();\n        lmPrice = await overallPrices[2].getText();\n        // Save each program's price in prices array\n        let priceElements = await driver.findElements(By.className('compPrice'));\n        for (let i = 0; i < priceElements.length; i++) {            \n            let text = await priceElements[i].getText();\n            prices.push(text);\n        }\n        await driver.findElement(By.css('.MuiButtonBase-root.MuiTab-root.MuiTab-textColorInherit.Mui-selected')).click();\n        // Clear text fields in the case of a failed search\n        await driver.findElement(By.id('downshift-simple-input')).clear();\n        await driver.findElement(By.id('myZipCode')).clear();\n    } catch (e) {\n        // Refresh if error occurs\n        await driver.navigate().refresh();\n    }\n} catch (e) {\n    console.log(e);\n} finally {\n    // Asserts that all header prices exist\n    chai.assert.isTrue(\n        averagePrice !== \"N/A\" &&\n        currentPrice !== \"N/A\" &&\n        lmPrice !== \"N/A\"\n    );\n}",
                    "err": {},
                    "isRoot": false,
                    "uuid": "8f9b7120-9b9d-4fc0-91e9-5ee3f8709632",
                    "isHook": false,
                    "skipped": false
                  },
                  {
                    "title": "Check if price exists for Blink Health",
                    "fullTitle": "Frontend Tests Drug Search Tests Test search for drug Atorvastatin Calcium  Check if price exists for Blink Health",
                    "timedOut": false,
                    "duration": 0,
                    "state": "passed",
                    "speed": "fast",
                    "pass": true,
                    "fail": false,
                    "pending": false,
                    "code": "chai.assert.isTrue(prices[4] !== \"N/A\");",
                    "err": {},
                    "isRoot": false,
                    "uuid": "4890366e-9b69-47a4-ae98-e6b0f6acf349",
                    "isHook": false,
                    "skipped": false
                  },
                  {
                    "title": "Check if price exists for GoodRx",
                    "fullTitle": "Frontend Tests Drug Search Tests Test search for drug Atorvastatin Calcium  Check if price exists for GoodRx",
                    "timedOut": false,
                    "duration": 0,
                    "state": "failed",
                    "pass": false,
                    "fail": true,
                    "pending": false,
                    "code": "chai.assert.isTrue(prices[5] !== \"N/A\");",
                    "err": {
                      "message": "AssertionError: expected false to be true",
                      "estack": "AssertionError: expected false to be true\n    at Context.<anonymous> (test\\frontend.test.js:244:41)",
                      "diff": "- false\n+ true\n"
                    },
                    "isRoot": false,
                    "uuid": "0797e51f-fc24-47f9-8b2f-0253bd0b1b05",
                    "isHook": false,
                    "skipped": false
                  }
                ],
                "suites": [],
                "passes": [
                  "8f9b7120-9b9d-4fc0-91e9-5ee3f8709632",
                  "4890366e-9b69-47a4-ae98-e6b0f6acf349"
                ],
                "failures": [
                  "0797e51f-fc24-47f9-8b2f-0253bd0b1b05"
                ],
                "pending": [],
                "skipped": [],
                "duration": 3731,
                "root": false,
                "rootEmpty": false,
                "_timeout": 15000
              },
              {
                "uuid": "2534d9e9-2954-4e5d-9aa2-02400fefd7d1",
                "title": "Test search for drug Basaglar Kwikpen ",
                "fullFile": "C:\\Users\\dvalinotti\\Desktop\\GalaxE_Workspace\\RxWaveTests\\test\\frontend.test.js",
                "file": "\\test\\frontend.test.js",
                "beforeHooks": [
                  {
                    "title": "\"before all\" hook",
                    "fullTitle": "Frontend Tests Drug Search Tests Test search for drug Basaglar Kwikpen  \"before all\" hook",
                    "timedOut": false,
                    "duration": 0,
                    "pass": false,
                    "fail": false,
                    "pending": false,
                    "code": "prices = [];",
                    "err": {},
                    "isRoot": false,
                    "uuid": "6a946a23-2dac-4dcc-b61c-959f0161b849",
                    "isHook": true,
                    "skipped": false
                  }
                ],
                "afterHooks": [],
                "tests": [
                  {
                    "title": "Test if search is successful ",
                    "fullTitle": "Frontend Tests Drug Search Tests Test search for drug Basaglar Kwikpen  Test if search is successful ",
                    "timedOut": false,
                    "duration": 3502,
                    "state": "passed",
                    "speed": "slow",
                    "pass": true,
                    "fail": false,
                    "pending": false,
                    "code": "let averagePrice = undefined;\nlet currentPrice = undefined;\nlet lmPrice = undefined;\ntry {\n    let tabs = await driver.findElements(By.css('button[role=\"tab\"]'));\n    await tabs[0].click();\n    await driver.findElement(By.id('downshift-simple-input')).sendKeys(drug.Name);\n    await sleep(1250);    // Wait for search suggestions to populate\n    await driver.findElement(By.id('downshift-simple-item-0')).click();\n    await driver.findElement(By.id('myZipCode')).sendKeys(drug.ZipCode);\n     // Finds correct dosage and selects\n    await driver.findElement(By.css('.form-control[name=\"drugStrength\"]')).click();                \n    let dosages = await driver.findElements(By.css('.form-control[name=\"drugStrength\"]>option'));\n    for (const dosage of dosages) {                            \n        let text = await dosage.getText();\n        if (text.includes(drug.Dosage)) {\n            await dosage.click();\n            // console.log(\"clicked d\");\n        }\n    }\n    // Finds correct quantity and selects\n    await driver.findElement(By.css('select[name=\"drugQuantity\"]')).click();\n    let quantities = await driver.findElements(By.css('select[name=\"drugQuantity\"]>option'));\n    for (const quantity of quantities) {                        \n        let text = await quantity.getText();\n        if (text.includes(drug.Quantity)) {\n            await quantity.click();\n            // console.log(\"clicked q\");\n        }\n    }\n    \n    // Wait for search to finish before continuing\n    await driver.findElement(By.css('.form-control.pointer')).click();\n    await driver.wait(async function() {                       \n        try {\n            await driver.findElement(By.className('MuiDialog-root')).isDisplayed();\n            return false;\n        } catch (e) {\n            return true;\n        }\n    });\n    \n    try {\n        // Retrieves all header prices\n        let overallPrices = await driver.findElements(By.css('div.overallPrice>div.headerhelp'));\n        averagePrice = await overallPrices[0].getText();\n        currentPrice = await overallPrices[1].getText();\n        lmPrice = await overallPrices[2].getText();\n        // Save each program's price in prices array\n        let priceElements = await driver.findElements(By.className('compPrice'));\n        for (let i = 0; i < priceElements.length; i++) {            \n            let text = await priceElements[i].getText();\n            prices.push(text);\n        }\n        await driver.findElement(By.css('.MuiButtonBase-root.MuiTab-root.MuiTab-textColorInherit.Mui-selected')).click();\n        // Clear text fields in the case of a failed search\n        await driver.findElement(By.id('downshift-simple-input')).clear();\n        await driver.findElement(By.id('myZipCode')).clear();\n    } catch (e) {\n        // Refresh if error occurs\n        await driver.navigate().refresh();\n    }\n} catch (e) {\n    console.log(e);\n} finally {\n    // Asserts that all header prices exist\n    chai.assert.isTrue(\n        averagePrice !== \"N/A\" &&\n        currentPrice !== \"N/A\" &&\n        lmPrice !== \"N/A\"\n    );\n}",
                    "err": {},
                    "isRoot": false,
                    "uuid": "fda82fa3-2f71-42e1-b75e-557b3916d274",
                    "isHook": false,
                    "skipped": false
                  },
                  {
                    "title": "Check if price exists for Blink Health",
                    "fullTitle": "Frontend Tests Drug Search Tests Test search for drug Basaglar Kwikpen  Check if price exists for Blink Health",
                    "timedOut": false,
                    "duration": 0,
                    "state": "failed",
                    "pass": false,
                    "fail": true,
                    "pending": false,
                    "code": "chai.assert.isTrue(prices[4] !== \"N/A\");",
                    "err": {
                      "message": "AssertionError: expected false to be true",
                      "estack": "AssertionError: expected false to be true\n    at Context.<anonymous> (test\\frontend.test.js:239:41)",
                      "diff": "- false\n+ true\n"
                    },
                    "isRoot": false,
                    "uuid": "a89990a2-5157-4499-a679-c5fc11cd3f0b",
                    "isHook": false,
                    "skipped": false
                  },
                  {
                    "title": "Check if price exists for GoodRx",
                    "fullTitle": "Frontend Tests Drug Search Tests Test search for drug Basaglar Kwikpen  Check if price exists for GoodRx",
                    "timedOut": false,
                    "duration": 0,
                    "state": "failed",
                    "pass": false,
                    "fail": true,
                    "pending": false,
                    "code": "chai.assert.isTrue(prices[5] !== \"N/A\");",
                    "err": {
                      "message": "AssertionError: expected false to be true",
                      "estack": "AssertionError: expected false to be true\n    at Context.<anonymous> (test\\frontend.test.js:244:41)",
                      "diff": "- false\n+ true\n"
                    },
                    "isRoot": false,
                    "uuid": "48d40992-e9a8-4e6e-ba4a-1a6934e30aa7",
                    "isHook": false,
                    "skipped": false
                  }
                ],
                "suites": [],
                "passes": [
                  "fda82fa3-2f71-42e1-b75e-557b3916d274"
                ],
                "failures": [
                  "a89990a2-5157-4499-a679-c5fc11cd3f0b",
                  "48d40992-e9a8-4e6e-ba4a-1a6934e30aa7"
                ],
                "pending": [],
                "skipped": [],
                "duration": 3502,
                "root": false,
                "rootEmpty": false,
                "_timeout": 15000
              },
              {
                "uuid": "41a33660-8a08-4200-a286-3af179fb1a70",
                "title": "Test search for drug Citalopram Hydrobromide ",
                "fullFile": "C:\\Users\\dvalinotti\\Desktop\\GalaxE_Workspace\\RxWaveTests\\test\\frontend.test.js",
                "file": "\\test\\frontend.test.js",
                "beforeHooks": [
                  {
                    "title": "\"before all\" hook",
                    "fullTitle": "Frontend Tests Drug Search Tests Test search for drug Citalopram Hydrobromide  \"before all\" hook",
                    "timedOut": false,
                    "duration": 0,
                    "pass": false,
                    "fail": false,
                    "pending": false,
                    "code": "prices = [];",
                    "err": {},
                    "isRoot": false,
                    "uuid": "fd6ff58c-853c-4ee3-bc09-62c630556be9",
                    "isHook": true,
                    "skipped": false
                  }
                ],
                "afterHooks": [],
                "tests": [
                  {
                    "title": "Test if search is successful ",
                    "fullTitle": "Frontend Tests Drug Search Tests Test search for drug Citalopram Hydrobromide  Test if search is successful ",
                    "timedOut": false,
                    "duration": 3808,
                    "state": "passed",
                    "speed": "slow",
                    "pass": true,
                    "fail": false,
                    "pending": false,
                    "code": "let averagePrice = undefined;\nlet currentPrice = undefined;\nlet lmPrice = undefined;\ntry {\n    let tabs = await driver.findElements(By.css('button[role=\"tab\"]'));\n    await tabs[0].click();\n    await driver.findElement(By.id('downshift-simple-input')).sendKeys(drug.Name);\n    await sleep(1250);    // Wait for search suggestions to populate\n    await driver.findElement(By.id('downshift-simple-item-0')).click();\n    await driver.findElement(By.id('myZipCode')).sendKeys(drug.ZipCode);\n     // Finds correct dosage and selects\n    await driver.findElement(By.css('.form-control[name=\"drugStrength\"]')).click();                \n    let dosages = await driver.findElements(By.css('.form-control[name=\"drugStrength\"]>option'));\n    for (const dosage of dosages) {                            \n        let text = await dosage.getText();\n        if (text.includes(drug.Dosage)) {\n            await dosage.click();\n            // console.log(\"clicked d\");\n        }\n    }\n    // Finds correct quantity and selects\n    await driver.findElement(By.css('select[name=\"drugQuantity\"]')).click();\n    let quantities = await driver.findElements(By.css('select[name=\"drugQuantity\"]>option'));\n    for (const quantity of quantities) {                        \n        let text = await quantity.getText();\n        if (text.includes(drug.Quantity)) {\n            await quantity.click();\n            // console.log(\"clicked q\");\n        }\n    }\n    \n    // Wait for search to finish before continuing\n    await driver.findElement(By.css('.form-control.pointer')).click();\n    await driver.wait(async function() {                       \n        try {\n            await driver.findElement(By.className('MuiDialog-root')).isDisplayed();\n            return false;\n        } catch (e) {\n            return true;\n        }\n    });\n    \n    try {\n        // Retrieves all header prices\n        let overallPrices = await driver.findElements(By.css('div.overallPrice>div.headerhelp'));\n        averagePrice = await overallPrices[0].getText();\n        currentPrice = await overallPrices[1].getText();\n        lmPrice = await overallPrices[2].getText();\n        // Save each program's price in prices array\n        let priceElements = await driver.findElements(By.className('compPrice'));\n        for (let i = 0; i < priceElements.length; i++) {            \n            let text = await priceElements[i].getText();\n            prices.push(text);\n        }\n        await driver.findElement(By.css('.MuiButtonBase-root.MuiTab-root.MuiTab-textColorInherit.Mui-selected')).click();\n        // Clear text fields in the case of a failed search\n        await driver.findElement(By.id('downshift-simple-input')).clear();\n        await driver.findElement(By.id('myZipCode')).clear();\n    } catch (e) {\n        // Refresh if error occurs\n        await driver.navigate().refresh();\n    }\n} catch (e) {\n    console.log(e);\n} finally {\n    // Asserts that all header prices exist\n    chai.assert.isTrue(\n        averagePrice !== \"N/A\" &&\n        currentPrice !== \"N/A\" &&\n        lmPrice !== \"N/A\"\n    );\n}",
                    "err": {},
                    "isRoot": false,
                    "uuid": "235b9715-a4be-4959-b264-3a857823634e",
                    "isHook": false,
                    "skipped": false
                  },
                  {
                    "title": "Check if price exists for Blink Health",
                    "fullTitle": "Frontend Tests Drug Search Tests Test search for drug Citalopram Hydrobromide  Check if price exists for Blink Health",
                    "timedOut": false,
                    "duration": 0,
                    "state": "passed",
                    "speed": "fast",
                    "pass": true,
                    "fail": false,
                    "pending": false,
                    "code": "chai.assert.isTrue(prices[4] !== \"N/A\");",
                    "err": {},
                    "isRoot": false,
                    "uuid": "52b81f12-c49f-4bcf-aec1-665d066046aa",
                    "isHook": false,
                    "skipped": false
                  },
                  {
                    "title": "Check if price exists for GoodRx",
                    "fullTitle": "Frontend Tests Drug Search Tests Test search for drug Citalopram Hydrobromide  Check if price exists for GoodRx",
                    "timedOut": false,
                    "duration": 0,
                    "state": "failed",
                    "pass": false,
                    "fail": true,
                    "pending": false,
                    "code": "chai.assert.isTrue(prices[5] !== \"N/A\");",
                    "err": {
                      "message": "AssertionError: expected false to be true",
                      "estack": "AssertionError: expected false to be true\n    at Context.<anonymous> (test\\frontend.test.js:244:41)",
                      "diff": "- false\n+ true\n"
                    },
                    "isRoot": false,
                    "uuid": "18bba22c-b9c1-4c33-8672-348d51e17fa1",
                    "isHook": false,
                    "skipped": false
                  }
                ],
                "suites": [],
                "passes": [
                  "235b9715-a4be-4959-b264-3a857823634e",
                  "52b81f12-c49f-4bcf-aec1-665d066046aa"
                ],
                "failures": [
                  "18bba22c-b9c1-4c33-8672-348d51e17fa1"
                ],
                "pending": [],
                "skipped": [],
                "duration": 3808,
                "root": false,
                "rootEmpty": false,
                "_timeout": 15000
              },
              {
                "uuid": "25901385-9cdd-4026-b0e9-c940300674c5",
                "title": "Test search for drug Clindamycin Hydrochloride ",
                "fullFile": "C:\\Users\\dvalinotti\\Desktop\\GalaxE_Workspace\\RxWaveTests\\test\\frontend.test.js",
                "file": "\\test\\frontend.test.js",
                "beforeHooks": [
                  {
                    "title": "\"before all\" hook",
                    "fullTitle": "Frontend Tests Drug Search Tests Test search for drug Clindamycin Hydrochloride  \"before all\" hook",
                    "timedOut": false,
                    "duration": 0,
                    "pass": false,
                    "fail": false,
                    "pending": false,
                    "code": "prices = [];",
                    "err": {},
                    "isRoot": false,
                    "uuid": "4f568e25-c4b4-4cfc-9dab-25a871dec551",
                    "isHook": true,
                    "skipped": false
                  }
                ],
                "afterHooks": [],
                "tests": [
                  {
                    "title": "Test if search is successful ",
                    "fullTitle": "Frontend Tests Drug Search Tests Test search for drug Clindamycin Hydrochloride  Test if search is successful ",
                    "timedOut": false,
                    "duration": 3864,
                    "state": "passed",
                    "speed": "slow",
                    "pass": true,
                    "fail": false,
                    "pending": false,
                    "code": "let averagePrice = undefined;\nlet currentPrice = undefined;\nlet lmPrice = undefined;\ntry {\n    let tabs = await driver.findElements(By.css('button[role=\"tab\"]'));\n    await tabs[0].click();\n    await driver.findElement(By.id('downshift-simple-input')).sendKeys(drug.Name);\n    await sleep(1250);    // Wait for search suggestions to populate\n    await driver.findElement(By.id('downshift-simple-item-0')).click();\n    await driver.findElement(By.id('myZipCode')).sendKeys(drug.ZipCode);\n     // Finds correct dosage and selects\n    await driver.findElement(By.css('.form-control[name=\"drugStrength\"]')).click();                \n    let dosages = await driver.findElements(By.css('.form-control[name=\"drugStrength\"]>option'));\n    for (const dosage of dosages) {                            \n        let text = await dosage.getText();\n        if (text.includes(drug.Dosage)) {\n            await dosage.click();\n            // console.log(\"clicked d\");\n        }\n    }\n    // Finds correct quantity and selects\n    await driver.findElement(By.css('select[name=\"drugQuantity\"]')).click();\n    let quantities = await driver.findElements(By.css('select[name=\"drugQuantity\"]>option'));\n    for (const quantity of quantities) {                        \n        let text = await quantity.getText();\n        if (text.includes(drug.Quantity)) {\n            await quantity.click();\n            // console.log(\"clicked q\");\n        }\n    }\n    \n    // Wait for search to finish before continuing\n    await driver.findElement(By.css('.form-control.pointer')).click();\n    await driver.wait(async function() {                       \n        try {\n            await driver.findElement(By.className('MuiDialog-root')).isDisplayed();\n            return false;\n        } catch (e) {\n            return true;\n        }\n    });\n    \n    try {\n        // Retrieves all header prices\n        let overallPrices = await driver.findElements(By.css('div.overallPrice>div.headerhelp'));\n        averagePrice = await overallPrices[0].getText();\n        currentPrice = await overallPrices[1].getText();\n        lmPrice = await overallPrices[2].getText();\n        // Save each program's price in prices array\n        let priceElements = await driver.findElements(By.className('compPrice'));\n        for (let i = 0; i < priceElements.length; i++) {            \n            let text = await priceElements[i].getText();\n            prices.push(text);\n        }\n        await driver.findElement(By.css('.MuiButtonBase-root.MuiTab-root.MuiTab-textColorInherit.Mui-selected')).click();\n        // Clear text fields in the case of a failed search\n        await driver.findElement(By.id('downshift-simple-input')).clear();\n        await driver.findElement(By.id('myZipCode')).clear();\n    } catch (e) {\n        // Refresh if error occurs\n        await driver.navigate().refresh();\n    }\n} catch (e) {\n    console.log(e);\n} finally {\n    // Asserts that all header prices exist\n    chai.assert.isTrue(\n        averagePrice !== \"N/A\" &&\n        currentPrice !== \"N/A\" &&\n        lmPrice !== \"N/A\"\n    );\n}",
                    "err": {},
                    "isRoot": false,
                    "uuid": "fbf80d59-4de6-43fc-b7b9-9a105e5d1870",
                    "isHook": false,
                    "skipped": false
                  },
                  {
                    "title": "Check if price exists for Blink Health",
                    "fullTitle": "Frontend Tests Drug Search Tests Test search for drug Clindamycin Hydrochloride  Check if price exists for Blink Health",
                    "timedOut": false,
                    "duration": 0,
                    "state": "failed",
                    "pass": false,
                    "fail": true,
                    "pending": false,
                    "code": "chai.assert.isTrue(prices[4] !== \"N/A\");",
                    "err": {
                      "message": "AssertionError: expected false to be true",
                      "estack": "AssertionError: expected false to be true\n    at Context.<anonymous> (test\\frontend.test.js:239:41)",
                      "diff": "- false\n+ true\n"
                    },
                    "isRoot": false,
                    "uuid": "5e98bc1a-7fad-4fdf-a3f6-5e374a72bcd2",
                    "isHook": false,
                    "skipped": false
                  },
                  {
                    "title": "Check if price exists for GoodRx",
                    "fullTitle": "Frontend Tests Drug Search Tests Test search for drug Clindamycin Hydrochloride  Check if price exists for GoodRx",
                    "timedOut": false,
                    "duration": 0,
                    "state": "failed",
                    "pass": false,
                    "fail": true,
                    "pending": false,
                    "code": "chai.assert.isTrue(prices[5] !== \"N/A\");",
                    "err": {
                      "message": "AssertionError: expected false to be true",
                      "estack": "AssertionError: expected false to be true\n    at Context.<anonymous> (test\\frontend.test.js:244:41)",
                      "diff": "- false\n+ true\n"
                    },
                    "isRoot": false,
                    "uuid": "1b1d77f5-cf8e-4166-8e03-ebaa692c31ba",
                    "isHook": false,
                    "skipped": false
                  }
                ],
                "suites": [],
                "passes": [
                  "fbf80d59-4de6-43fc-b7b9-9a105e5d1870"
                ],
                "failures": [
                  "5e98bc1a-7fad-4fdf-a3f6-5e374a72bcd2",
                  "1b1d77f5-cf8e-4166-8e03-ebaa692c31ba"
                ],
                "pending": [],
                "skipped": [],
                "duration": 3864,
                "root": false,
                "rootEmpty": false,
                "_timeout": 15000
              },
              {
                "uuid": "7a0ae6f3-609b-4f00-947f-42d079dfa709",
                "title": "Test search for drug Clomiphene Citrate ",
                "fullFile": "C:\\Users\\dvalinotti\\Desktop\\GalaxE_Workspace\\RxWaveTests\\test\\frontend.test.js",
                "file": "\\test\\frontend.test.js",
                "beforeHooks": [
                  {
                    "title": "\"before all\" hook",
                    "fullTitle": "Frontend Tests Drug Search Tests Test search for drug Clomiphene Citrate  \"before all\" hook",
                    "timedOut": false,
                    "duration": 0,
                    "pass": false,
                    "fail": false,
                    "pending": false,
                    "code": "prices = [];",
                    "err": {},
                    "isRoot": false,
                    "uuid": "d80b2412-1405-45ed-8278-2bcf40d67615",
                    "isHook": true,
                    "skipped": false
                  }
                ],
                "afterHooks": [],
                "tests": [
                  {
                    "title": "Test if search is successful ",
                    "fullTitle": "Frontend Tests Drug Search Tests Test search for drug Clomiphene Citrate  Test if search is successful ",
                    "timedOut": false,
                    "duration": 3593,
                    "state": "passed",
                    "speed": "slow",
                    "pass": true,
                    "fail": false,
                    "pending": false,
                    "code": "let averagePrice = undefined;\nlet currentPrice = undefined;\nlet lmPrice = undefined;\ntry {\n    let tabs = await driver.findElements(By.css('button[role=\"tab\"]'));\n    await tabs[0].click();\n    await driver.findElement(By.id('downshift-simple-input')).sendKeys(drug.Name);\n    await sleep(1250);    // Wait for search suggestions to populate\n    await driver.findElement(By.id('downshift-simple-item-0')).click();\n    await driver.findElement(By.id('myZipCode')).sendKeys(drug.ZipCode);\n     // Finds correct dosage and selects\n    await driver.findElement(By.css('.form-control[name=\"drugStrength\"]')).click();                \n    let dosages = await driver.findElements(By.css('.form-control[name=\"drugStrength\"]>option'));\n    for (const dosage of dosages) {                            \n        let text = await dosage.getText();\n        if (text.includes(drug.Dosage)) {\n            await dosage.click();\n            // console.log(\"clicked d\");\n        }\n    }\n    // Finds correct quantity and selects\n    await driver.findElement(By.css('select[name=\"drugQuantity\"]')).click();\n    let quantities = await driver.findElements(By.css('select[name=\"drugQuantity\"]>option'));\n    for (const quantity of quantities) {                        \n        let text = await quantity.getText();\n        if (text.includes(drug.Quantity)) {\n            await quantity.click();\n            // console.log(\"clicked q\");\n        }\n    }\n    \n    // Wait for search to finish before continuing\n    await driver.findElement(By.css('.form-control.pointer')).click();\n    await driver.wait(async function() {                       \n        try {\n            await driver.findElement(By.className('MuiDialog-root')).isDisplayed();\n            return false;\n        } catch (e) {\n            return true;\n        }\n    });\n    \n    try {\n        // Retrieves all header prices\n        let overallPrices = await driver.findElements(By.css('div.overallPrice>div.headerhelp'));\n        averagePrice = await overallPrices[0].getText();\n        currentPrice = await overallPrices[1].getText();\n        lmPrice = await overallPrices[2].getText();\n        // Save each program's price in prices array\n        let priceElements = await driver.findElements(By.className('compPrice'));\n        for (let i = 0; i < priceElements.length; i++) {            \n            let text = await priceElements[i].getText();\n            prices.push(text);\n        }\n        await driver.findElement(By.css('.MuiButtonBase-root.MuiTab-root.MuiTab-textColorInherit.Mui-selected')).click();\n        // Clear text fields in the case of a failed search\n        await driver.findElement(By.id('downshift-simple-input')).clear();\n        await driver.findElement(By.id('myZipCode')).clear();\n    } catch (e) {\n        // Refresh if error occurs\n        await driver.navigate().refresh();\n    }\n} catch (e) {\n    console.log(e);\n} finally {\n    // Asserts that all header prices exist\n    chai.assert.isTrue(\n        averagePrice !== \"N/A\" &&\n        currentPrice !== \"N/A\" &&\n        lmPrice !== \"N/A\"\n    );\n}",
                    "err": {},
                    "isRoot": false,
                    "uuid": "5f0b15a2-6cbc-4868-b83e-8bd042166815",
                    "isHook": false,
                    "skipped": false
                  },
                  {
                    "title": "Check if price exists for Blink Health",
                    "fullTitle": "Frontend Tests Drug Search Tests Test search for drug Clomiphene Citrate  Check if price exists for Blink Health",
                    "timedOut": false,
                    "duration": 0,
                    "state": "failed",
                    "pass": false,
                    "fail": true,
                    "pending": false,
                    "code": "chai.assert.isTrue(prices[4] !== \"N/A\");",
                    "err": {
                      "message": "AssertionError: expected false to be true",
                      "estack": "AssertionError: expected false to be true\n    at Context.<anonymous> (test\\frontend.test.js:239:41)",
                      "diff": "- false\n+ true\n"
                    },
                    "isRoot": false,
                    "uuid": "6b680297-127c-483b-9fec-1194bc9756ba",
                    "isHook": false,
                    "skipped": false
                  },
                  {
                    "title": "Check if price exists for GoodRx",
                    "fullTitle": "Frontend Tests Drug Search Tests Test search for drug Clomiphene Citrate  Check if price exists for GoodRx",
                    "timedOut": false,
                    "duration": 0,
                    "state": "failed",
                    "pass": false,
                    "fail": true,
                    "pending": false,
                    "code": "chai.assert.isTrue(prices[5] !== \"N/A\");",
                    "err": {
                      "message": "AssertionError: expected false to be true",
                      "estack": "AssertionError: expected false to be true\n    at Context.<anonymous> (test\\frontend.test.js:244:41)",
                      "diff": "- false\n+ true\n"
                    },
                    "isRoot": false,
                    "uuid": "19e4f4c4-2507-43ca-9b8e-fa0d949244a3",
                    "isHook": false,
                    "skipped": false
                  }
                ],
                "suites": [],
                "passes": [
                  "5f0b15a2-6cbc-4868-b83e-8bd042166815"
                ],
                "failures": [
                  "6b680297-127c-483b-9fec-1194bc9756ba",
                  "19e4f4c4-2507-43ca-9b8e-fa0d949244a3"
                ],
                "pending": [],
                "skipped": [],
                "duration": 3593,
                "root": false,
                "rootEmpty": false,
                "_timeout": 15000
              },
              {
                "uuid": "553f2d9e-f6b0-4623-b974-336a213662f5",
                "title": "Test search for drug Diclegis ",
                "fullFile": "C:\\Users\\dvalinotti\\Desktop\\GalaxE_Workspace\\RxWaveTests\\test\\frontend.test.js",
                "file": "\\test\\frontend.test.js",
                "beforeHooks": [
                  {
                    "title": "\"before all\" hook",
                    "fullTitle": "Frontend Tests Drug Search Tests Test search for drug Diclegis  \"before all\" hook",
                    "timedOut": false,
                    "duration": 0,
                    "pass": false,
                    "fail": false,
                    "pending": false,
                    "code": "prices = [];",
                    "err": {},
                    "isRoot": false,
                    "uuid": "77d2d654-51c3-484a-adc2-19be76d264a4",
                    "isHook": true,
                    "skipped": false
                  }
                ],
                "afterHooks": [],
                "tests": [
                  {
                    "title": "Test if search is successful ",
                    "fullTitle": "Frontend Tests Drug Search Tests Test search for drug Diclegis  Test if search is successful ",
                    "timedOut": false,
                    "duration": 2996,
                    "state": "passed",
                    "speed": "slow",
                    "pass": true,
                    "fail": false,
                    "pending": false,
                    "code": "let averagePrice = undefined;\nlet currentPrice = undefined;\nlet lmPrice = undefined;\ntry {\n    let tabs = await driver.findElements(By.css('button[role=\"tab\"]'));\n    await tabs[0].click();\n    await driver.findElement(By.id('downshift-simple-input')).sendKeys(drug.Name);\n    await sleep(1250);    // Wait for search suggestions to populate\n    await driver.findElement(By.id('downshift-simple-item-0')).click();\n    await driver.findElement(By.id('myZipCode')).sendKeys(drug.ZipCode);\n     // Finds correct dosage and selects\n    await driver.findElement(By.css('.form-control[name=\"drugStrength\"]')).click();                \n    let dosages = await driver.findElements(By.css('.form-control[name=\"drugStrength\"]>option'));\n    for (const dosage of dosages) {                            \n        let text = await dosage.getText();\n        if (text.includes(drug.Dosage)) {\n            await dosage.click();\n            // console.log(\"clicked d\");\n        }\n    }\n    // Finds correct quantity and selects\n    await driver.findElement(By.css('select[name=\"drugQuantity\"]')).click();\n    let quantities = await driver.findElements(By.css('select[name=\"drugQuantity\"]>option'));\n    for (const quantity of quantities) {                        \n        let text = await quantity.getText();\n        if (text.includes(drug.Quantity)) {\n            await quantity.click();\n            // console.log(\"clicked q\");\n        }\n    }\n    \n    // Wait for search to finish before continuing\n    await driver.findElement(By.css('.form-control.pointer')).click();\n    await driver.wait(async function() {                       \n        try {\n            await driver.findElement(By.className('MuiDialog-root')).isDisplayed();\n            return false;\n        } catch (e) {\n            return true;\n        }\n    });\n    \n    try {\n        // Retrieves all header prices\n        let overallPrices = await driver.findElements(By.css('div.overallPrice>div.headerhelp'));\n        averagePrice = await overallPrices[0].getText();\n        currentPrice = await overallPrices[1].getText();\n        lmPrice = await overallPrices[2].getText();\n        // Save each program's price in prices array\n        let priceElements = await driver.findElements(By.className('compPrice'));\n        for (let i = 0; i < priceElements.length; i++) {            \n            let text = await priceElements[i].getText();\n            prices.push(text);\n        }\n        await driver.findElement(By.css('.MuiButtonBase-root.MuiTab-root.MuiTab-textColorInherit.Mui-selected')).click();\n        // Clear text fields in the case of a failed search\n        await driver.findElement(By.id('downshift-simple-input')).clear();\n        await driver.findElement(By.id('myZipCode')).clear();\n    } catch (e) {\n        // Refresh if error occurs\n        await driver.navigate().refresh();\n    }\n} catch (e) {\n    console.log(e);\n} finally {\n    // Asserts that all header prices exist\n    chai.assert.isTrue(\n        averagePrice !== \"N/A\" &&\n        currentPrice !== \"N/A\" &&\n        lmPrice !== \"N/A\"\n    );\n}",
                    "err": {},
                    "isRoot": false,
                    "uuid": "6390d441-94ae-4bc4-baad-79af22059a75",
                    "isHook": false,
                    "skipped": false
                  },
                  {
                    "title": "Check if price exists for Blink Health",
                    "fullTitle": "Frontend Tests Drug Search Tests Test search for drug Diclegis  Check if price exists for Blink Health",
                    "timedOut": false,
                    "duration": 0,
                    "state": "failed",
                    "pass": false,
                    "fail": true,
                    "pending": false,
                    "code": "chai.assert.isTrue(prices[4] !== \"N/A\");",
                    "err": {
                      "message": "AssertionError: expected false to be true",
                      "estack": "AssertionError: expected false to be true\n    at Context.<anonymous> (test\\frontend.test.js:239:41)",
                      "diff": "- false\n+ true\n"
                    },
                    "isRoot": false,
                    "uuid": "62c701b5-3b9e-4481-b1bb-b395d81f2d13",
                    "isHook": false,
                    "skipped": false
                  },
                  {
                    "title": "Check if price exists for GoodRx",
                    "fullTitle": "Frontend Tests Drug Search Tests Test search for drug Diclegis  Check if price exists for GoodRx",
                    "timedOut": false,
                    "duration": 0,
                    "state": "failed",
                    "pass": false,
                    "fail": true,
                    "pending": false,
                    "code": "chai.assert.isTrue(prices[5] !== \"N/A\");",
                    "err": {
                      "message": "AssertionError: expected false to be true",
                      "estack": "AssertionError: expected false to be true\n    at Context.<anonymous> (test\\frontend.test.js:244:41)",
                      "diff": "- false\n+ true\n"
                    },
                    "isRoot": false,
                    "uuid": "e470dc9d-b040-4fb9-bc90-1b4b9aff33dd",
                    "isHook": false,
                    "skipped": false
                  }
                ],
                "suites": [],
                "passes": [
                  "6390d441-94ae-4bc4-baad-79af22059a75"
                ],
                "failures": [
                  "62c701b5-3b9e-4481-b1bb-b395d81f2d13",
                  "e470dc9d-b040-4fb9-bc90-1b4b9aff33dd"
                ],
                "pending": [],
                "skipped": [],
                "duration": 2996,
                "root": false,
                "rootEmpty": false,
                "_timeout": 15000
              },
              {
                "uuid": "e059280c-b703-4244-a7ca-f96cb27eeb46",
                "title": "Test search for drug Ergocalciferol ",
                "fullFile": "C:\\Users\\dvalinotti\\Desktop\\GalaxE_Workspace\\RxWaveTests\\test\\frontend.test.js",
                "file": "\\test\\frontend.test.js",
                "beforeHooks": [
                  {
                    "title": "\"before all\" hook",
                    "fullTitle": "Frontend Tests Drug Search Tests Test search for drug Ergocalciferol  \"before all\" hook",
                    "timedOut": false,
                    "duration": 0,
                    "pass": false,
                    "fail": false,
                    "pending": false,
                    "code": "prices = [];",
                    "err": {},
                    "isRoot": false,
                    "uuid": "4c3c8612-0ed0-44e4-8f25-fd3df131d2b9",
                    "isHook": true,
                    "skipped": false
                  }
                ],
                "afterHooks": [],
                "tests": [
                  {
                    "title": "Test if search is successful ",
                    "fullTitle": "Frontend Tests Drug Search Tests Test search for drug Ergocalciferol  Test if search is successful ",
                    "timedOut": false,
                    "duration": 3427,
                    "state": "passed",
                    "speed": "slow",
                    "pass": true,
                    "fail": false,
                    "pending": false,
                    "code": "let averagePrice = undefined;\nlet currentPrice = undefined;\nlet lmPrice = undefined;\ntry {\n    let tabs = await driver.findElements(By.css('button[role=\"tab\"]'));\n    await tabs[0].click();\n    await driver.findElement(By.id('downshift-simple-input')).sendKeys(drug.Name);\n    await sleep(1250);    // Wait for search suggestions to populate\n    await driver.findElement(By.id('downshift-simple-item-0')).click();\n    await driver.findElement(By.id('myZipCode')).sendKeys(drug.ZipCode);\n     // Finds correct dosage and selects\n    await driver.findElement(By.css('.form-control[name=\"drugStrength\"]')).click();                \n    let dosages = await driver.findElements(By.css('.form-control[name=\"drugStrength\"]>option'));\n    for (const dosage of dosages) {                            \n        let text = await dosage.getText();\n        if (text.includes(drug.Dosage)) {\n            await dosage.click();\n            // console.log(\"clicked d\");\n        }\n    }\n    // Finds correct quantity and selects\n    await driver.findElement(By.css('select[name=\"drugQuantity\"]')).click();\n    let quantities = await driver.findElements(By.css('select[name=\"drugQuantity\"]>option'));\n    for (const quantity of quantities) {                        \n        let text = await quantity.getText();\n        if (text.includes(drug.Quantity)) {\n            await quantity.click();\n            // console.log(\"clicked q\");\n        }\n    }\n    \n    // Wait for search to finish before continuing\n    await driver.findElement(By.css('.form-control.pointer')).click();\n    await driver.wait(async function() {                       \n        try {\n            await driver.findElement(By.className('MuiDialog-root')).isDisplayed();\n            return false;\n        } catch (e) {\n            return true;\n        }\n    });\n    \n    try {\n        // Retrieves all header prices\n        let overallPrices = await driver.findElements(By.css('div.overallPrice>div.headerhelp'));\n        averagePrice = await overallPrices[0].getText();\n        currentPrice = await overallPrices[1].getText();\n        lmPrice = await overallPrices[2].getText();\n        // Save each program's price in prices array\n        let priceElements = await driver.findElements(By.className('compPrice'));\n        for (let i = 0; i < priceElements.length; i++) {            \n            let text = await priceElements[i].getText();\n            prices.push(text);\n        }\n        await driver.findElement(By.css('.MuiButtonBase-root.MuiTab-root.MuiTab-textColorInherit.Mui-selected')).click();\n        // Clear text fields in the case of a failed search\n        await driver.findElement(By.id('downshift-simple-input')).clear();\n        await driver.findElement(By.id('myZipCode')).clear();\n    } catch (e) {\n        // Refresh if error occurs\n        await driver.navigate().refresh();\n    }\n} catch (e) {\n    console.log(e);\n} finally {\n    // Asserts that all header prices exist\n    chai.assert.isTrue(\n        averagePrice !== \"N/A\" &&\n        currentPrice !== \"N/A\" &&\n        lmPrice !== \"N/A\"\n    );\n}",
                    "err": {},
                    "isRoot": false,
                    "uuid": "1ca257fe-9123-40ae-ba7f-298ccf58d988",
                    "isHook": false,
                    "skipped": false
                  },
                  {
                    "title": "Check if price exists for Blink Health",
                    "fullTitle": "Frontend Tests Drug Search Tests Test search for drug Ergocalciferol  Check if price exists for Blink Health",
                    "timedOut": false,
                    "duration": 0,
                    "state": "failed",
                    "pass": false,
                    "fail": true,
                    "pending": false,
                    "code": "chai.assert.isTrue(prices[4] !== \"N/A\");",
                    "err": {
                      "message": "AssertionError: expected false to be true",
                      "estack": "AssertionError: expected false to be true\n    at Context.<anonymous> (test\\frontend.test.js:239:41)",
                      "diff": "- false\n+ true\n"
                    },
                    "isRoot": false,
                    "uuid": "dfee0ea5-cd24-4a0b-be61-76102781aba1",
                    "isHook": false,
                    "skipped": false
                  },
                  {
                    "title": "Check if price exists for GoodRx",
                    "fullTitle": "Frontend Tests Drug Search Tests Test search for drug Ergocalciferol  Check if price exists for GoodRx",
                    "timedOut": false,
                    "duration": 0,
                    "state": "failed",
                    "pass": false,
                    "fail": true,
                    "pending": false,
                    "code": "chai.assert.isTrue(prices[5] !== \"N/A\");",
                    "err": {
                      "message": "AssertionError: expected false to be true",
                      "estack": "AssertionError: expected false to be true\n    at Context.<anonymous> (test\\frontend.test.js:244:41)",
                      "diff": "- false\n+ true\n"
                    },
                    "isRoot": false,
                    "uuid": "d80fdc3b-7675-453f-bf6b-0797e46ddb64",
                    "isHook": false,
                    "skipped": false
                  }
                ],
                "suites": [],
                "passes": [
                  "1ca257fe-9123-40ae-ba7f-298ccf58d988"
                ],
                "failures": [
                  "dfee0ea5-cd24-4a0b-be61-76102781aba1",
                  "d80fdc3b-7675-453f-bf6b-0797e46ddb64"
                ],
                "pending": [],
                "skipped": [],
                "duration": 3427,
                "root": false,
                "rootEmpty": false,
                "_timeout": 15000
              },
              {
                "uuid": "4ce7e2ee-182c-4f71-afb1-80c6526b960a",
                "title": "Test search for drug Ethinyl Estradiol-Norgestimate ",
                "fullFile": "C:\\Users\\dvalinotti\\Desktop\\GalaxE_Workspace\\RxWaveTests\\test\\frontend.test.js",
                "file": "\\test\\frontend.test.js",
                "beforeHooks": [
                  {
                    "title": "\"before all\" hook",
                    "fullTitle": "Frontend Tests Drug Search Tests Test search for drug Ethinyl Estradiol-Norgestimate  \"before all\" hook",
                    "timedOut": false,
                    "duration": 0,
                    "pass": false,
                    "fail": false,
                    "pending": false,
                    "code": "prices = [];",
                    "err": {},
                    "isRoot": false,
                    "uuid": "48248e9d-0901-44cc-b1e0-3112303572d1",
                    "isHook": true,
                    "skipped": false
                  }
                ],
                "afterHooks": [],
                "tests": [
                  {
                    "title": "Test if search is successful ",
                    "fullTitle": "Frontend Tests Drug Search Tests Test search for drug Ethinyl Estradiol-Norgestimate  Test if search is successful ",
                    "timedOut": false,
                    "duration": 4441,
                    "state": "passed",
                    "speed": "slow",
                    "pass": true,
                    "fail": false,
                    "pending": false,
[...]
                    "err": {},
                    "isRoot": false,
                    "uuid": "e2d59852-93f6-4fab-a53d-3e18ead70b37",
                    "isHook": false,
                    "skipped": false
                  },
                  {
                    "title": "Check if price exists for Blink Health",
                    "fullTitle": "Frontend Tests Drug Search Tests Test search for drug Trazodone Hydrochloride  Check if price exists for Blink Health",
                    "timedOut": false,
                    "duration": 0,
                    "state": "passed",
                    "speed": "fast",
                    "pass": true,
                    "fail": false,
                    "pending": false,
                    "code": "chai.assert.isTrue(prices[4] !== \"N/A\");",
                    "err": {},
                    "isRoot": false,
                    "uuid": "435215c4-3df9-497d-8cce-4db09e80199e",
                    "isHook": false,
                    "skipped": false
                  },
                  {
                    "title": "Check if price exists for GoodRx",
                    "fullTitle": "Frontend Tests Drug Search Tests Test search for drug Trazodone Hydrochloride  Check if price exists for GoodRx",
                    "timedOut": false,
                    "duration": 0,
                    "state": "failed",
                    "pass": false,
                    "fail": true,
                    "pending": false,
                    "code": "chai.assert.isTrue(prices[5] !== \"N/A\");",
                    "err": {
                      "message": "AssertionError: expected false to be true",
                      "estack": "AssertionError: expected false to be true\n    at Context.<anonymous> (test\\frontend.test.js:244:41)",
                      "diff": "- false\n+ true\n"
                    },
                    "isRoot": false,
                    "uuid": "c85c302a-234c-4a99-8b2a-f5144550ff4c",
                    "isHook": false,
                    "skipped": false
                  }
                ],
                "suites": [],
                "passes": [
                  "e2d59852-93f6-4fab-a53d-3e18ead70b37",
                  "435215c4-3df9-497d-8cce-4db09e80199e"
                ],
                "failures": [
                  "c85c302a-234c-4a99-8b2a-f5144550ff4c"
                ],
                "pending": [],
                "skipped": [],
                "duration": 5694,
                "root": false,
                "rootEmpty": false,
                "_timeout": 15000
              },
              {
                "uuid": "964fcb9d-698b-4f90-a6f0-cb14fca20d6f",
                "title": "Test search for drug Venlafaxine Hydrochloride ",
                "fullFile": "C:\\Users\\dvalinotti\\Desktop\\GalaxE_Workspace\\RxWaveTests\\test\\frontend.test.js",
                "file": "\\test\\frontend.test.js",
                "beforeHooks": [
                  {
                    "title": "\"before all\" hook",
                    "fullTitle": "Frontend Tests Drug Search Tests Test search for drug Venlafaxine Hydrochloride  \"before all\" hook",
                    "timedOut": false,
                    "duration": 0,
                    "pass": false,
                    "fail": false,
                    "pending": false,
                    "code": "prices = [];",
                    "err": {},
                    "isRoot": false,
                    "uuid": "32efd25d-a834-48f5-8d0d-9327114f2a97",
                    "isHook": true,
                    "skipped": false
                  }
                ],
                "afterHooks": [],
                "tests": [
                  {
                    "title": "Test if search is successful ",
                    "fullTitle": "Frontend Tests Drug Search Tests Test search for drug Venlafaxine Hydrochloride  Test if search is successful ",
                    "timedOut": false,
                    "duration": 3725,
                    "state": "passed",
                    "speed": "slow",
                    "pass": true,
                    "fail": false,
                    "pending": false,
                    "code": "let averagePrice = undefined;\nlet currentPrice = undefined;\nlet lmPrice = undefined;\ntry {\n    let tabs = await driver.findElements(By.css('button[role=\"tab\"]'));\n    await tabs[0].click();\n    await driver.findElement(By.id('downshift-simple-input')).sendKeys(drug.Name);\n    await sleep(1250);    // Wait for search suggestions to populate\n    await driver.findElement(By.id('downshift-simple-item-0')).click();\n    await driver.findElement(By.id('myZipCode')).sendKeys(drug.ZipCode);\n     // Finds correct dosage and selects\n    await driver.findElement(By.css('.form-control[name=\"drugStrength\"]')).click();                \n    let dosages = await driver.findElements(By.css('.form-control[name=\"drugStrength\"]>option'));\n    for (const dosage of dosages) {                            \n        let text = await dosage.getText();\n        if (text.includes(drug.Dosage)) {\n            await dosage.click();\n            // console.log(\"clicked d\");\n        }\n    }\n    // Finds correct quantity and selects\n    await driver.findElement(By.css('select[name=\"drugQuantity\"]')).click();\n    let quantities = await driver.findElements(By.css('select[name=\"drugQuantity\"]>option'));\n    for (const quantity of quantities) {                        \n        let text = await quantity.getText();\n        if (text.includes(drug.Quantity)) {\n            await quantity.click();\n            // console.log(\"clicked q\");\n        }\n    }\n    \n    // Wait for search to finish before continuing\n    await driver.findElement(By.css('.form-control.pointer')).click();\n    await driver.wait(async function() {                       \n        try {\n            await driver.findElement(By.className('MuiDialog-root')).isDisplayed();\n            return false;\n        } catch (e) {\n            return true;\n        }\n    });\n    \n    try {\n        // Retrieves all header prices\n        let overallPrices = await driver.findElements(By.css('div.overallPrice>div.headerhelp'));\n        averagePrice = await overallPrices[0].getText();\n        currentPrice = await overallPrices[1].getText();\n        lmPrice = await overallPrices[2].getText();\n        // Save each program's price in prices array\n        let priceElements = await driver.findElements(By.className('compPrice'));\n        for (let i = 0; i < priceElements.length; i++) {            \n            let text = await priceElements[i].getText();\n            prices.push(text);\n        }\n        await driver.findElement(By.css('.MuiButtonBase-root.MuiTab-root.MuiTab-textColorInherit.Mui-selected')).click();\n        // Clear text fields in the case of a failed search\n        await driver.findElement(By.id('downshift-simple-input')).clear();\n        await driver.findElement(By.id('myZipCode')).clear();\n    } catch (e) {\n        // Refresh if error occurs\n        await driver.navigate().refresh();\n    }\n} catch (e) {\n    console.log(e);\n} finally {\n    // Asserts that all header prices exist\n    chai.assert.isTrue(\n        averagePrice !== \"N/A\" &&\n        currentPrice !== \"N/A\" &&\n        lmPrice !== \"N/A\"\n    );\n}",
                    "err": {},
                    "isRoot": false,
                    "uuid": "fb18d528-7a58-4b3e-8562-b1b9d0a05118",
                    "isHook": false,
                    "skipped": false
                  },
                  {
                    "title": "Check if price exists for Blink Health",
                    "fullTitle": "Frontend Tests Drug Search Tests Test search for drug Venlafaxine Hydrochloride  Check if price exists for Blink Health",
                    "timedOut": false,
                    "duration": 0,
                    "state": "passed",
                    "speed": "fast",
                    "pass": true,
                    "fail": false,
                    "pending": false,
                    "code": "chai.assert.isTrue(prices[4] !== \"N/A\");",
                    "err": {},
                    "isRoot": false,
                    "uuid": "61608215-4fdd-4913-9669-c4ed7dad7ef4",
                    "isHook": false,
                    "skipped": false
                  },
                  {
                    "title": "Check if price exists for GoodRx",
                    "fullTitle": "Frontend Tests Drug Search Tests Test search for drug Venlafaxine Hydrochloride  Check if price exists for GoodRx",
                    "timedOut": false,
                    "duration": 0,
                    "state": "failed",
                    "pass": false,
                    "fail": true,
                    "pending": false,
                    "code": "chai.assert.isTrue(prices[5] !== \"N/A\");",
                    "err": {
                      "message": "AssertionError: expected false to be true",
                      "estack": "AssertionError: expected false to be true\n    at Context.<anonymous> (test\\frontend.test.js:244:41)",
                      "diff": "- false\n+ true\n"
                    },
                    "isRoot": false,
                    "uuid": "eed29620-9bd4-44fe-bf10-2f915876a080",
                    "isHook": false,
                    "skipped": false
                  }
                ],
                "suites": [],
                "passes": [
                  "fb18d528-7a58-4b3e-8562-b1b9d0a05118",
                  "61608215-4fdd-4913-9669-c4ed7dad7ef4"
                ],
                "failures": [
                  "eed29620-9bd4-44fe-bf10-2f915876a080"
                ],
                "pending": [],
                "skipped": [],
                "duration": 3725,
                "root": false,
                "rootEmpty": false,
                "_timeout": 15000
              },
              {
                "uuid": "ccd7871c-412a-47e8-bd92-4a12f46bb009",
                "title": "Test search for drug Yasmin ",
                "fullFile": "C:\\Users\\dvalinotti\\Desktop\\GalaxE_Workspace\\RxWaveTests\\test\\frontend.test.js",
                "file": "\\test\\frontend.test.js",
                "beforeHooks": [
                  {
                    "title": "\"before all\" hook",
                    "fullTitle": "Frontend Tests Drug Search Tests Test search for drug Yasmin  \"before all\" hook",
                    "timedOut": false,
                    "duration": 0,
                    "pass": false,
                    "fail": false,
                    "pending": false,
                    "code": "prices = [];",
                    "err": {},
                    "isRoot": false,
                    "uuid": "82ee2267-822a-4d9e-a3b8-e8197a927202",
                    "isHook": true,
                    "skipped": false
                  }
                ],
                "afterHooks": [],
                "tests": [
                  {
                    "title": "Test if search is successful ",
                    "fullTitle": "Frontend Tests Drug Search Tests Test search for drug Yasmin  Test if search is successful ",
                    "timedOut": false,
                    "duration": 2864,
                    "state": "passed",
                    "speed": "slow",
                    "pass": true,
                    "fail": false,
                    "pending": false,
                    "code": "let averagePrice = undefined;\nlet currentPrice = undefined;\nlet lmPrice = undefined;\ntry {\n    let tabs = await driver.findElements(By.css('button[role=\"tab\"]'));\n    await tabs[0].click();\n    await driver.findElement(By.id('downshift-simple-input')).sendKeys(drug.Name);\n    await sleep(1250);    // Wait for search suggestions to populate\n    await driver.findElement(By.id('downshift-simple-item-0')).click();\n    await driver.findElement(By.id('myZipCode')).sendKeys(drug.ZipCode);\n     // Finds correct dosage and selects\n    await driver.findElement(By.css('.form-control[name=\"drugStrength\"]')).click();                \n    let dosages = await driver.findElements(By.css('.form-control[name=\"drugStrength\"]>option'));\n    for (const dosage of dosages) {                            \n        let text = await dosage.getText();\n        if (text.includes(drug.Dosage)) {\n            await dosage.click();\n            // console.log(\"clicked d\");\n        }\n    }\n    // Finds correct quantity and selects\n    await driver.findElement(By.css('select[name=\"drugQuantity\"]')).click();\n    let quantities = await driver.findElements(By.css('select[name=\"drugQuantity\"]>option'));\n    for (const quantity of quantities) {                        \n        let text = await quantity.getText();\n        if (text.includes(drug.Quantity)) {\n            await quantity.click();\n            // console.log(\"clicked q\");\n        }\n    }\n    \n    // Wait for search to finish before continuing\n    await driver.findElement(By.css('.form-control.pointer')).click();\n    await driver.wait(async function() {                       \n        try {\n            await driver.findElement(By.className('MuiDialog-root')).isDisplayed();\n            return false;\n        } catch (e) {\n            return true;\n        }\n    });\n    \n    try {\n        // Retrieves all header prices\n        let overallPrices = await driver.findElements(By.css('div.overallPrice>div.headerhelp'));\n        averagePrice = await overallPrices[0].getText();\n        currentPrice = await overallPrices[1].getText();\n        lmPrice = await overallPrices[2].getText();\n        // Save each program's price in prices array\n        let priceElements = await driver.findElements(By.className('compPrice'));\n        for (let i = 0; i < priceElements.length; i++) {            \n            let text = await priceElements[i].getText();\n            prices.push(text);\n        }\n        await driver.findElement(By.css('.MuiButtonBase-root.MuiTab-root.MuiTab-textColorInherit.Mui-selected')).click();\n        // Clear text fields in the case of a failed search\n        await driver.findElement(By.id('downshift-simple-input')).clear();\n        await driver.findElement(By.id('myZipCode')).clear();\n    } catch (e) {\n        // Refresh if error occurs\n        await driver.navigate().refresh();\n    }\n} catch (e) {\n    console.log(e);\n} finally {\n    // Asserts that all header prices exist\n    chai.assert.isTrue(\n        averagePrice !== \"N/A\" &&\n        currentPrice !== \"N/A\" &&\n        lmPrice !== \"N/A\"\n    );\n}",
                    "err": {},
                    "isRoot": false,
                    "uuid": "de16f9bd-daf9-4b06-9354-afd21f5ec7cd",
                    "isHook": false,
                    "skipped": false
                  },
                  {
                    "title": "Check if price exists for Blink Health",
                    "fullTitle": "Frontend Tests Drug Search Tests Test search for drug Yasmin  Check if price exists for Blink Health",
                    "timedOut": false,
                    "duration": 0,
                    "state": "failed",
                    "pass": false,
                    "fail": true,
                    "pending": false,
                    "code": "chai.assert.isTrue(prices[4] !== \"N/A\");",
                    "err": {
                      "message": "AssertionError: expected false to be true",
                      "estack": "AssertionError: expected false to be true\n    at Context.<anonymous> (test\\frontend.test.js:239:41)",
                      "diff": "- false\n+ true\n"
                    },
                    "isRoot": false,
                    "uuid": "b610e185-d539-4b17-9c2e-91089c566b25",
                    "isHook": false,
                    "skipped": false
                  },
                  {
                    "title": "Check if price exists for GoodRx",
                    "fullTitle": "Frontend Tests Drug Search Tests Test search for drug Yasmin  Check if price exists for GoodRx",
                    "timedOut": false,
                    "duration": 0,
                    "state": "failed",
                    "pass": false,
                    "fail": true,
                    "pending": false,
                    "code": "chai.assert.isTrue(prices[5] !== \"N/A\");",
                    "err": {
                      "message": "AssertionError: expected false to be true",
                      "estack": "AssertionError: expected false to be true\n    at Context.<anonymous> (test\\frontend.test.js:244:41)",
                      "diff": "- false\n+ true\n"
                    },
                    "isRoot": false,
                    "uuid": "b4db905a-a8bc-4cbb-a278-9ab95a99407a",
                    "isHook": false,
                    "skipped": false
                  }
                ],
                "suites": [],
                "passes": [
                  "de16f9bd-daf9-4b06-9354-afd21f5ec7cd"
                ],
                "failures": [
                  "b610e185-d539-4b17-9c2e-91089c566b25",
                  "b4db905a-a8bc-4cbb-a278-9ab95a99407a"
                ],
                "pending": [],
                "skipped": [],
                "duration": 2864,
                "root": false,
                "rootEmpty": false,
                "_timeout": 15000
              }
            ],
            "passes": [],
            "failures": [],
            "pending": [],
            "skipped": [],
            "duration": 0,
            "root": false,
            "rootEmpty": false,
            "_timeout": 15000
          }
        ],
        "passes": [],
        "failures": [],
        "pending": [],
        "skipped": [],
        "duration": 0,
        "root": false,
        "rootEmpty": false,
        "_timeout": 15000
      }
    ],
    "passes": [],
    "failures": [],
    "pending": [],
    "skipped": [],
    "duration": 0,
    "root": true,
    "rootEmpty": true,
    "_timeout": 2000
  },
  "copyrightYear": 2019
}